<?xml version="1.0" encoding="UTF-8"?>
<!-- Generated by org.testng.reporters.JUnitReportReporter -->
<testsuite hostname="LAPTOP-NB3AD5GO" failures="0" tests="4" name="Test.Group11_InterfacesTest" time="0.753" errors="0" timestamp="2022-07-12T09:18:46 IDT" skipped="0">
  <testcase classname="Test.Group11_InterfacesTest" name="TestCase11_1" time="0.218"/>
  <system-out/>
  <testcase classname="Test.Group11_InterfacesTest" name="TestCase11_2" time="0.180"/>
  <system-out/>
  <testcase classname="Test.Group11_InterfacesTest" name="TestCase11_3" time="0.162"/>
  <system-out/>
  <testcase classname="Test.Group11_InterfacesTest" name="TestCase11_4" time="0.193"/>
  <system-out/>
</testsuite> <!-- Test.Group11_InterfacesTest -->
