<?xml version="1.0" encoding="UTF-8"?>
<!-- Generated by org.testng.reporters.JUnitReportReporter -->
<testsuite hostname="LAPTOP-NB3AD5GO" failures="0" tests="4" name="Test.Group8_SecuringTest" time="33.939" errors="0" timestamp="2022-07-18T15:03:32 IDT" skipped="0">
  <testcase classname="Test.Group8_SecuringTest" name="TestCase8_1" time="1.335"/>
  <system-out/>
  <testcase classname="Test.Group8_SecuringTest" name="TestCase8_2" time="4.399"/>
  <system-out/>
  <testcase classname="Test.Group8_SecuringTest" name="TestCase8_3" time="15.766"/>
  <system-out/>
  <testcase classname="Test.Group8_SecuringTest" name="TestCase8_4" time="12.439"/>
  <system-out/>
</testsuite> <!-- Test.Group8_SecuringTest -->
