<?xml version="1.0" encoding="UTF-8"?>
<!-- Generated by org.testng.reporters.JUnitReportReporter -->
<testsuite hostname="LAPTOP-NB3AD5GO" failures="0" tests="12" name="Test.Group8_SecuringTest" time="76.331" errors="0" timestamp="2022-07-10T15:41:11 IDT" skipped="0">
  <testcase classname="Test.Group8_SecuringTest" name="TestCase1" time="0.292"/>
  <system-out/>
  <testcase classname="Test.Group8_SecuringTest" name="TestCase1" time="22.161"/>
  <system-out/>
  <testcase classname="Test.Group8_SecuringTest" name="TestCase1" time="26.368"/>
  <system-out/>
  <testcase classname="Test.Group8_SecuringTest" name="TestCase2" time="7.103"/>
  <system-out/>
  <testcase classname="Test.Group8_SecuringTest" name="TestCase2" time="0.247"/>
  <system-out/>
  <testcase classname="Test.Group8_SecuringTest" name="TestCase2" time="4.344"/>
  <system-out/>
  <testcase classname="Test.Group8_SecuringTest" name="TestCase3" time="0.322"/>
  <system-out/>
  <testcase classname="Test.Group8_SecuringTest" name="TestCase3" time="3.850"/>
  <system-out/>
  <testcase classname="Test.Group8_SecuringTest" name="TestCase3" time="3.984"/>
  <system-out/>
  <testcase classname="Test.Group8_SecuringTest" name="TestCase4" time="3.666"/>
  <system-out/>
  <testcase classname="Test.Group8_SecuringTest" name="TestCase4" time="2.010"/>
  <system-out/>
  <testcase classname="Test.Group8_SecuringTest" name="TestCase4" time="1.984"/>
  <system-out/>
</testsuite> <!-- Test.Group8_SecuringTest -->
