<?xml version="1.0" encoding="UTF-8"?>
<!-- Generated by org.testng.reporters.JUnitReportReporter -->
<testsuite hostname="LAPTOP-NB3AD5GO" failures="0" tests="12" name="Test.Group8_SecuringTest" time="13.689" errors="0" timestamp="2022-07-11T16:41:18 IDT" skipped="0">
  <testcase classname="Test.Group8_SecuringTest" name="TestCase8_1" time="0.512"/>
  <system-out/>
  <testcase classname="Test.Group8_SecuringTest" name="TestCase8_1" time="0.672"/>
  <system-out/>
  <testcase classname="Test.Group8_SecuringTest" name="TestCase8_1" time="2.214"/>
  <system-out/>
  <testcase classname="Test.Group8_SecuringTest" name="TestCase8_2" time="0.257"/>
  <system-out/>
  <testcase classname="Test.Group8_SecuringTest" name="TestCase8_2" time="1.833"/>
  <system-out/>
  <testcase classname="Test.Group8_SecuringTest" name="TestCase8_2" time="0.714"/>
  <system-out/>
  <testcase classname="Test.Group8_SecuringTest" name="TestCase8_3" time="2.429"/>
  <system-out/>
  <testcase classname="Test.Group8_SecuringTest" name="TestCase8_3" time="0.251"/>
  <system-out/>
  <testcase classname="Test.Group8_SecuringTest" name="TestCase8_3" time="1.865"/>
  <system-out/>
  <testcase classname="Test.Group8_SecuringTest" name="TestCase8_4" time="1.262"/>
  <system-out/>
  <testcase classname="Test.Group8_SecuringTest" name="TestCase8_4" time="0.300"/>
  <system-out/>
  <testcase classname="Test.Group8_SecuringTest" name="TestCase8_4" time="1.380"/>
  <system-out/>
</testsuite> <!-- Test.Group8_SecuringTest -->
