<?xml version="1.0" encoding="UTF-8"?>
<!-- Generated by org.testng.reporters.JUnitReportReporter -->
<testsuite hostname="LAPTOP-NB3AD5GO" failures="0" tests="12" name="Test.Group6_RecoveryTest" time="23.485" errors="0" timestamp="2022-07-11T16:41:18 IDT" skipped="0">
  <testcase classname="Test.Group6_RecoveryTest" name="TestCase6_1" time="5.774"/>
  <system-out/>
  <testcase classname="Test.Group6_RecoveryTest" name="TestCase6_1" time="2.164"/>
  <system-out/>
  <testcase classname="Test.Group6_RecoveryTest" name="TestCase6_1" time="0.287"/>
  <system-out/>
  <testcase classname="Test.Group6_RecoveryTest" name="TestCase6_2" time="6.956"/>
  <system-out/>
  <testcase classname="Test.Group6_RecoveryTest" name="TestCase6_2" time="0.248"/>
  <system-out/>
  <testcase classname="Test.Group6_RecoveryTest" name="TestCase6_2" time="1.063"/>
  <system-out/>
  <testcase classname="Test.Group6_RecoveryTest" name="TestCase6_3" time="2.249"/>
  <system-out/>
  <testcase classname="Test.Group6_RecoveryTest" name="TestCase6_3" time="0.262"/>
  <system-out/>
  <testcase classname="Test.Group6_RecoveryTest" name="TestCase6_3" time="1.822"/>
  <system-out/>
  <testcase classname="Test.Group6_RecoveryTest" name="TestCase6_4" time="1.111"/>
  <system-out/>
  <testcase classname="Test.Group6_RecoveryTest" name="TestCase6_4" time="1.246"/>
  <system-out/>
  <testcase classname="Test.Group6_RecoveryTest" name="TestCase6_4" time="0.303"/>
  <system-out/>
</testsuite> <!-- Test.Group6_RecoveryTest -->
