<?xml version="1.0" encoding="UTF-8"?>
<!-- Generated by org.testng.reporters.JUnitReportReporter -->
<testsuite hostname="LAPTOP-NB3AD5GO" failures="0" tests="4" name="Tests.Group9_CompatibilityTest" time="5.767" errors="0" timestamp="2022-07-22T12:24:53 IDT" skipped="3">
  <testcase classname="Tests.Group9_CompatibilityTest" name="TestCase9_3" time="5.767"/>
  <system-out/>
  <testcase classname="Tests.Group9_CompatibilityTest" name="TestCase9_4">
    <skipped/>
  </testcase> <!-- TestCase9_4 -->
  <system-out/>
  <testcase classname="Tests.Group9_CompatibilityTest" name="TestCase9_1">
    <skipped/>
  </testcase> <!-- TestCase9_1 -->
  <system-out/>
  <testcase classname="Tests.Group9_CompatibilityTest" name="TestCase9_2">
    <skipped/>
  </testcase> <!-- TestCase9_2 -->
  <system-out/>
</testsuite> <!-- Tests.Group9_CompatibilityTest -->
