<?xml version="1.0" encoding="UTF-8"?>
<!-- Generated by org.testng.reporters.JUnitReportReporter -->
<testsuite hostname="LAPTOP-NB3AD5GO" failures="0" tests="3" name="Test.runningTests" time="0.852" errors="0" timestamp="2022-07-09T16:51:48 IDT" skipped="0">
  <testcase classname="Test.runningTests" name="TestCase1" time="0.342"/>
  <system-out/>
  <testcase classname="Test.runningTests" name="TestCase2" time="0.255"/>
  <system-out/>
  <testcase classname="Test.runningTests" name="TestCase3" time="0.255"/>
  <system-out/>
</testsuite> <!-- Test.runningTests -->
