<?xml version="1.0" encoding="UTF-8"?>
<!-- Generated by org.testng.reporters.JUnitReportReporter -->
<testsuite hostname="LAPTOP-NB3AD5GO" failures="0" tests="9" name="Test.runningTests" time="1.166" errors="0" timestamp="2022-06-12T09:23:06 IDT" skipped="0">
  <testcase classname="Test.runningTests" name="TestCase1" time="0.466"/>
  <system-out/>
  <testcase classname="Test.runningTests" name="TestCase1" time="0.172"/>
  <system-out/>
  <testcase classname="Test.runningTests" name="TestCase1" time="0.523"/>
  <system-out/>
  <testcase classname="Test.runningTests" name="TestCase2" time="0.001"/>
  <system-out/>
  <testcase classname="Test.runningTests" name="TestCase2" time="0.001"/>
  <system-out/>
  <testcase classname="Test.runningTests" name="TestCase2" time="0.001"/>
  <system-out/>
  <testcase classname="Test.runningTests" name="TestCase3" time="0.000"/>
  <system-out/>
  <testcase classname="Test.runningTests" name="TestCase3" time="0.001"/>
  <system-out/>
  <testcase classname="Test.runningTests" name="TestCase3" time="0.001"/>
  <system-out/>
</testsuite> <!-- Test.runningTests -->
