<?xml version="1.0" encoding="UTF-8"?>
<!-- Generated by org.testng.reporters.JUnitReportReporter -->
<testsuite hostname="LAPTOP-NB3AD5GO" failures="0" tests="4" name="Test.Group4_ProcessesTest" time="0.867" errors="0" timestamp="2022-07-12T09:18:46 IDT" skipped="0">
  <testcase classname="Test.Group4_ProcessesTest" name="TestCase4_1_1" time="0.192"/>
  <system-out/>
  <testcase classname="Test.Group4_ProcessesTest" name="TestCase4_1_2" time="0.204"/>
  <system-out/>
  <testcase classname="Test.Group4_ProcessesTest" name="TestCase4_1_3" time="0.201"/>
  <system-out/>
  <testcase classname="Test.Group4_ProcessesTest" name="TestCase4_1_4" time="0.270"/>
  <system-out/>
</testsuite> <!-- Test.Group4_ProcessesTest -->
