<?xml version="1.0" encoding="UTF-8"?>
<!-- Generated by org.testng.reporters.JUnitReportReporter -->
<testsuite hostname="LAPTOP-NB3AD5GO" failures="0" tests="12" name="Test.Group1_SanityTest" time="7.106" errors="0" timestamp="2022-07-10T14:38:58 IDT" skipped="0">
  <testcase classname="Test.Group1_SanityTest" name="TestCase1" time="0.699"/>
  <system-out/>
  <testcase classname="Test.Group1_SanityTest" name="TestCase1" time="0.443"/>
  <system-out/>
  <testcase classname="Test.Group1_SanityTest" name="TestCase1" time="0.804"/>
  <system-out/>
  <testcase classname="Test.Group1_SanityTest" name="TestCase2" time="0.456"/>
  <system-out/>
  <testcase classname="Test.Group1_SanityTest" name="TestCase2" time="0.483"/>
  <system-out/>
  <testcase classname="Test.Group1_SanityTest" name="TestCase2" time="0.524"/>
  <system-out/>
  <testcase classname="Test.Group1_SanityTest" name="TestCase3" time="0.824"/>
  <system-out/>
  <testcase classname="Test.Group1_SanityTest" name="TestCase3" time="0.585"/>
  <system-out/>
  <testcase classname="Test.Group1_SanityTest" name="TestCase3" time="0.386"/>
  <system-out/>
  <testcase classname="Test.Group1_SanityTest" name="TestCase4" time="0.659"/>
  <system-out/>
  <testcase classname="Test.Group1_SanityTest" name="TestCase4" time="0.853"/>
  <system-out/>
  <testcase classname="Test.Group1_SanityTest" name="TestCase4" time="0.390"/>
  <system-out/>
</testsuite> <!-- Test.Group1_SanityTest -->
