<?xml version="1.0" encoding="UTF-8"?>
<!-- Generated by org.testng.reporters.JUnitReportReporter -->
<testsuite hostname="LAPTOP-NB3AD5GO" failures="0" tests="12" name="Test.Group1_SanityTest" time="48.810" errors="0" timestamp="2022-07-10T15:41:11 IDT" skipped="0">
  <testcase classname="Test.Group1_SanityTest" name="TestCase1" time="0.459"/>
  <system-out/>
  <testcase classname="Test.Group1_SanityTest" name="TestCase1" time="0.892"/>
  <system-out/>
  <testcase classname="Test.Group1_SanityTest" name="TestCase1" time="0.704"/>
  <system-out/>
  <testcase classname="Test.Group1_SanityTest" name="TestCase2" time="17.491"/>
  <system-out/>
  <testcase classname="Test.Group1_SanityTest" name="TestCase2" time="0.274"/>
  <system-out/>
  <testcase classname="Test.Group1_SanityTest" name="TestCase2" time="16.110"/>
  <system-out/>
  <testcase classname="Test.Group1_SanityTest" name="TestCase3" time="2.867"/>
  <system-out/>
  <testcase classname="Test.Group1_SanityTest" name="TestCase3" time="2.867"/>
  <system-out/>
  <testcase classname="Test.Group1_SanityTest" name="TestCase3" time="0.230"/>
  <system-out/>
  <testcase classname="Test.Group1_SanityTest" name="TestCase4" time="0.319"/>
  <system-out/>
  <testcase classname="Test.Group1_SanityTest" name="TestCase4" time="3.231"/>
  <system-out/>
  <testcase classname="Test.Group1_SanityTest" name="TestCase4" time="3.366"/>
  <system-out/>
</testsuite> <!-- Test.Group1_SanityTest -->
