<?xml version="1.0" encoding="UTF-8"?>
<!-- Generated by org.testng.reporters.JUnitReportReporter -->
<testsuite hostname="LAPTOP-NB3AD5GO" failures="0" tests="12" name="Test.Group6_RecoveryTest" time="55.309" errors="0" timestamp="2022-07-10T15:41:11 IDT" skipped="0">
  <testcase classname="Test.Group6_RecoveryTest" name="TestCase1" time="0.458"/>
  <system-out/>
  <testcase classname="Test.Group6_RecoveryTest" name="TestCase1" time="19.874"/>
  <system-out/>
  <testcase classname="Test.Group6_RecoveryTest" name="TestCase1" time="9.799"/>
  <system-out/>
  <testcase classname="Test.Group6_RecoveryTest" name="TestCase2" time="0.240"/>
  <system-out/>
  <testcase classname="Test.Group6_RecoveryTest" name="TestCase2" time="2.831"/>
  <system-out/>
  <testcase classname="Test.Group6_RecoveryTest" name="TestCase2" time="4.314"/>
  <system-out/>
  <testcase classname="Test.Group6_RecoveryTest" name="TestCase3" time="3.240"/>
  <system-out/>
  <testcase classname="Test.Group6_RecoveryTest" name="TestCase3" time="0.290"/>
  <system-out/>
  <testcase classname="Test.Group6_RecoveryTest" name="TestCase3" time="3.639"/>
  <system-out/>
  <testcase classname="Test.Group6_RecoveryTest" name="TestCase4" time="4.768"/>
  <system-out/>
  <testcase classname="Test.Group6_RecoveryTest" name="TestCase4" time="2.031"/>
  <system-out/>
  <testcase classname="Test.Group6_RecoveryTest" name="TestCase4" time="3.825"/>
  <system-out/>
</testsuite> <!-- Test.Group6_RecoveryTest -->
