<?xml version="1.0" encoding="UTF-8"?>
<!-- Generated by org.testng.reporters.JUnitReportReporter -->
<testsuite hostname="LAPTOP-NB3AD5GO" failures="0" tests="12" name="Test.Group7_InternationalityTest" time="12.283" errors="0" timestamp="2022-07-11T16:41:18 IDT" skipped="0">
  <testcase classname="Test.Group7_InternationalityTest" name="TestCase7_1" time="0.818"/>
  <system-out/>
  <testcase classname="Test.Group7_InternationalityTest" name="TestCase7_1" time="0.285"/>
  <system-out/>
  <testcase classname="Test.Group7_InternationalityTest" name="TestCase7_1" time="0.792"/>
  <system-out/>
  <testcase classname="Test.Group7_InternationalityTest" name="TestCase7_2" time="1.831"/>
  <system-out/>
  <testcase classname="Test.Group7_InternationalityTest" name="TestCase7_2" time="1.954"/>
  <system-out/>
  <testcase classname="Test.Group7_InternationalityTest" name="TestCase7_2" time="0.248"/>
  <system-out/>
  <testcase classname="Test.Group7_InternationalityTest" name="TestCase7_3" time="1.945"/>
  <system-out/>
  <testcase classname="Test.Group7_InternationalityTest" name="TestCase7_3" time="1.330"/>
  <system-out/>
  <testcase classname="Test.Group7_InternationalityTest" name="TestCase7_3" time="0.226"/>
  <system-out/>
  <testcase classname="Test.Group7_InternationalityTest" name="TestCase7_4" time="1.239"/>
  <system-out/>
  <testcase classname="Test.Group7_InternationalityTest" name="TestCase7_4" time="1.309"/>
  <system-out/>
  <testcase classname="Test.Group7_InternationalityTest" name="TestCase7_4" time="0.306"/>
  <system-out/>
</testsuite> <!-- Test.Group7_InternationalityTest -->
