<?xml version="1.0" encoding="UTF-8"?>
<!-- Generated by org.testng.reporters.JUnitReportReporter -->
<testsuite hostname="LAPTOP-NB3AD5GO" failures="0" tests="12" name="Test.Group4_ProcessesTest" time="12.024" errors="0" timestamp="2022-07-11T16:41:18 IDT" skipped="0">
  <testcase classname="Test.Group4_ProcessesTest" name="TestCase4_1_1" time="1.400"/>
  <system-out/>
  <testcase classname="Test.Group4_ProcessesTest" name="TestCase4_1_1" time="0.317"/>
  <system-out/>
  <testcase classname="Test.Group4_ProcessesTest" name="TestCase4_1_1" time="0.968"/>
  <system-out/>
  <testcase classname="Test.Group4_ProcessesTest" name="TestCase4_1_2" time="0.259"/>
  <system-out/>
  <testcase classname="Test.Group4_ProcessesTest" name="TestCase4_1_2" time="0.820"/>
  <system-out/>
  <testcase classname="Test.Group4_ProcessesTest" name="TestCase4_1_2" time="1.442"/>
  <system-out/>
  <testcase classname="Test.Group4_ProcessesTest" name="TestCase4_1_3" time="2.343"/>
  <system-out/>
  <testcase classname="Test.Group4_ProcessesTest" name="TestCase4_1_3" time="1.234"/>
  <system-out/>
  <testcase classname="Test.Group4_ProcessesTest" name="TestCase4_1_3" time="0.236"/>
  <system-out/>
  <testcase classname="Test.Group4_ProcessesTest" name="TestCase4_1_4" time="0.303"/>
  <system-out/>
  <testcase classname="Test.Group4_ProcessesTest" name="TestCase4_1_4" time="1.296"/>
  <system-out/>
  <testcase classname="Test.Group4_ProcessesTest" name="TestCase4_1_4" time="1.406"/>
  <system-out/>
</testsuite> <!-- Test.Group4_ProcessesTest -->
