<?xml version="1.0" encoding="UTF-8"?>
<!-- Generated by org.testng.reporters.JUnitReportReporter -->
<testsuite hostname="LAPTOP-NB3AD5GO" failures="0" tests="4" name="Test.Group4_ProcessesTest" time="19.814" errors="0" timestamp="2022-07-16T01:46:35 IDT" skipped="3">
  <testcase classname="Test.Group4_ProcessesTest" name="TestCase4_1_1" time="19.814"/>
  <system-out/>
  <testcase classname="Test.Group4_ProcessesTest" name="TestCase4_1_2">
    <skipped/>
  </testcase> <!-- TestCase4_1_2 -->
  <system-out/>
  <testcase classname="Test.Group4_ProcessesTest" name="TestCase4_1_4">
    <skipped/>
  </testcase> <!-- TestCase4_1_4 -->
  <system-out/>
  <testcase classname="Test.Group4_ProcessesTest" name="TestCase4_1_3">
    <skipped/>
  </testcase> <!-- TestCase4_1_3 -->
  <system-out/>
</testsuite> <!-- Test.Group4_ProcessesTest -->
