<?xml version="1.0" encoding="UTF-8"?>
<!-- Generated by org.testng.reporters.JUnitReportReporter -->
<testsuite hostname="LAPTOP-NB3AD5GO" failures="0" tests="1" name="Test.Group10_AccessibilityTest" time="9.912" errors="0" timestamp="2022-07-19T11:58:05 IDT" skipped="0">
  <testcase classname="Test.Group10_AccessibilityTest" name="TestCase10_1" time="9.912"/>
  <system-out/>
</testsuite> <!-- Test.Group10_AccessibilityTest -->
