<?xml version="1.0" encoding="UTF-8"?>
<!-- Generated by org.testng.reporters.JUnitReportReporter -->
<testsuite hostname="LAPTOP-NB3AD5GO" failures="0" tests="4" name="Test.Group6_RecoveryTest" time="0.854" errors="0" timestamp="2022-07-12T09:18:46 IDT" skipped="0">
  <testcase classname="Test.Group6_RecoveryTest" name="TestCase6_1" time="0.200"/>
  <system-out/>
  <testcase classname="Test.Group6_RecoveryTest" name="TestCase6_2" time="0.218"/>
  <system-out/>
  <testcase classname="Test.Group6_RecoveryTest" name="TestCase6_3" time="0.221"/>
  <system-out/>
  <testcase classname="Test.Group6_RecoveryTest" name="TestCase6_4" time="0.215"/>
  <system-out/>
</testsuite> <!-- Test.Group6_RecoveryTest -->
