<?xml version="1.0" encoding="UTF-8"?>
<!-- Generated by org.testng.reporters.JUnitReportReporter -->
<testsuite hostname="LAPTOP-NB3AD5GO" failures="0" tests="4" name="Test.Group10_AccessibilityTest" time="0.780" errors="0" timestamp="2022-07-12T09:18:46 IDT" skipped="0">
  <testcase classname="Test.Group10_AccessibilityTest" name="TestCase10_1" time="0.209"/>
  <system-out/>
  <testcase classname="Test.Group10_AccessibilityTest" name="TestCase10_2" time="0.197"/>
  <system-out/>
  <testcase classname="Test.Group10_AccessibilityTest" name="TestCase10_3" time="0.185"/>
  <system-out/>
  <testcase classname="Test.Group10_AccessibilityTest" name="TestCase10_4" time="0.189"/>
  <system-out/>
</testsuite> <!-- Test.Group10_AccessibilityTest -->
