<?xml version="1.0" encoding="UTF-8"?>
<!-- Generated by org.testng.reporters.JUnitReportReporter -->
<testsuite hostname="LAPTOP-NB3AD5GO" failures="0" tests="12" name="Test.Group5_ConnectivityTest" time="51.773" errors="0" timestamp="2022-07-10T15:41:11 IDT" skipped="0">
  <testcase classname="Test.Group5_ConnectivityTest" name="TestCase1" time="0.310"/>
  <system-out/>
  <testcase classname="Test.Group5_ConnectivityTest" name="TestCase1" time="15.509"/>
  <system-out/>
  <testcase classname="Test.Group5_ConnectivityTest" name="TestCase1" time="0.935"/>
  <system-out/>
  <testcase classname="Test.Group5_ConnectivityTest" name="TestCase2" time="4.341"/>
  <system-out/>
  <testcase classname="Test.Group5_ConnectivityTest" name="TestCase2" time="3.021"/>
  <system-out/>
  <testcase classname="Test.Group5_ConnectivityTest" name="TestCase2" time="0.273"/>
  <system-out/>
  <testcase classname="Test.Group5_ConnectivityTest" name="TestCase3" time="5.196"/>
  <system-out/>
  <testcase classname="Test.Group5_ConnectivityTest" name="TestCase3" time="0.499"/>
  <system-out/>
  <testcase classname="Test.Group5_ConnectivityTest" name="TestCase3" time="5.093"/>
  <system-out/>
  <testcase classname="Test.Group5_ConnectivityTest" name="TestCase4" time="1.884"/>
  <system-out/>
  <testcase classname="Test.Group5_ConnectivityTest" name="TestCase4" time="12.771"/>
  <system-out/>
  <testcase classname="Test.Group5_ConnectivityTest" name="TestCase4" time="1.941"/>
  <system-out/>
</testsuite> <!-- Test.Group5_ConnectivityTest -->
