<?xml version="1.0" encoding="UTF-8"?>
<!-- Generated by org.testng.reporters.JUnitReportReporter -->
<testsuite hostname="LAPTOP-NB3AD5GO" failures="0" tests="12" name="Test.Group3_UsefulnessTest" time="9.573" errors="0" timestamp="2022-07-11T16:41:18 IDT" skipped="0">
  <testcase classname="Test.Group3_UsefulnessTest" name="TestCase3_1_1" time="0.851"/>
  <system-out/>
  <testcase classname="Test.Group3_UsefulnessTest" name="TestCase3_1_1" time="0.895"/>
  <system-out/>
  <testcase classname="Test.Group3_UsefulnessTest" name="TestCase3_1_1" time="0.551"/>
  <system-out/>
  <testcase classname="Test.Group3_UsefulnessTest" name="TestCase3_1_2" time="0.735"/>
  <system-out/>
  <testcase classname="Test.Group3_UsefulnessTest" name="TestCase3_1_2" time="0.234"/>
  <system-out/>
  <testcase classname="Test.Group3_UsefulnessTest" name="TestCase3_1_2" time="1.227"/>
  <system-out/>
  <testcase classname="Test.Group3_UsefulnessTest" name="TestCase3_1_3" time="0.716"/>
  <system-out/>
  <testcase classname="Test.Group3_UsefulnessTest" name="TestCase3_1_3" time="1.152"/>
  <system-out/>
  <testcase classname="Test.Group3_UsefulnessTest" name="TestCase3_1_3" time="0.263"/>
  <system-out/>
  <testcase classname="Test.Group3_UsefulnessTest" name="TestCase3_1_4" time="1.177"/>
  <system-out/>
  <testcase classname="Test.Group3_UsefulnessTest" name="TestCase3_1_4" time="0.268"/>
  <system-out/>
  <testcase classname="Test.Group3_UsefulnessTest" name="TestCase3_1_4" time="1.504"/>
  <system-out/>
</testsuite> <!-- Test.Group3_UsefulnessTest -->
