<?xml version="1.0" encoding="UTF-8"?>
<!-- Generated by org.testng.reporters.JUnitReportReporter -->
<testsuite hostname="LAPTOP-NB3AD5GO" failures="0" tests="4" name="Test.Group3_UsefulnessTest" time="0.914" errors="0" timestamp="2022-07-12T09:18:46 IDT" skipped="0">
  <testcase classname="Test.Group3_UsefulnessTest" name="TestCase3_1_1" time="0.208"/>
  <system-out/>
  <testcase classname="Test.Group3_UsefulnessTest" name="TestCase3_1_2" time="0.210"/>
  <system-out/>
  <testcase classname="Test.Group3_UsefulnessTest" name="TestCase3_1_3" time="0.290"/>
  <system-out/>
  <testcase classname="Test.Group3_UsefulnessTest" name="TestCase3_1_4" time="0.206"/>
  <system-out/>
</testsuite> <!-- Test.Group3_UsefulnessTest -->
