<?xml version="1.0" encoding="UTF-8"?>
<!-- Generated by org.testng.reporters.JUnitReportReporter -->
<testsuite hostname="LAPTOP-NB3AD5GO" failures="0" tests="6" name="Test.runningTests" time="0.087" errors="0" timestamp="2022-06-12T12:58:40 IDT" skipped="0">
  <testcase classname="Test.runningTests" name="TestCase1" time="0.080"/>
  <system-out/>
  <testcase classname="Test.runningTests" name="TestCase1" time="0.004"/>
  <system-out/>
  <testcase classname="Test.runningTests" name="TestCase2" time="0.001"/>
  <system-out/>
  <testcase classname="Test.runningTests" name="TestCase2" time="0.001"/>
  <system-out/>
  <testcase classname="Test.runningTests" name="TestCase3" time="0.000"/>
  <system-out/>
  <testcase classname="Test.runningTests" name="TestCase3" time="0.001"/>
  <system-out/>
</testsuite> <!-- Test.runningTests -->
