<?xml version="1.0" encoding="UTF-8"?>
<!-- Generated by org.testng.reporters.JUnitReportReporter -->
<testsuite hostname="LAPTOP-NB3AD5GO" failures="0" tests="12" name="Test.Group10_AccessibilityTest" time="12.561" errors="0" timestamp="2022-07-11T16:41:18 IDT" skipped="0">
  <testcase classname="Test.Group10_AccessibilityTest" name="TestCase10_1" time="0.762"/>
  <system-out/>
  <testcase classname="Test.Group10_AccessibilityTest" name="TestCase10_1" time="0.389"/>
  <system-out/>
  <testcase classname="Test.Group10_AccessibilityTest" name="TestCase10_1" time="0.710"/>
  <system-out/>
  <testcase classname="Test.Group10_AccessibilityTest" name="TestCase10_2" time="0.574"/>
  <system-out/>
  <testcase classname="Test.Group10_AccessibilityTest" name="TestCase10_2" time="1.210"/>
  <system-out/>
  <testcase classname="Test.Group10_AccessibilityTest" name="TestCase10_2" time="0.292"/>
  <system-out/>
  <testcase classname="Test.Group10_AccessibilityTest" name="TestCase10_3" time="2.534"/>
  <system-out/>
  <testcase classname="Test.Group10_AccessibilityTest" name="TestCase10_3" time="0.679"/>
  <system-out/>
  <testcase classname="Test.Group10_AccessibilityTest" name="TestCase10_3" time="0.413"/>
  <system-out/>
  <testcase classname="Test.Group10_AccessibilityTest" name="TestCase10_4" time="2.225"/>
  <system-out/>
  <testcase classname="Test.Group10_AccessibilityTest" name="TestCase10_4" time="2.535"/>
  <system-out/>
  <testcase classname="Test.Group10_AccessibilityTest" name="TestCase10_4" time="0.238"/>
  <system-out/>
</testsuite> <!-- Test.Group10_AccessibilityTest -->
