<?xml version="1.0" encoding="UTF-8"?>
<!-- Generated by org.testng.reporters.JUnitReportReporter -->
<testsuite hostname="LAPTOP-NB3AD5GO" failures="0" tests="4" name="Test.Group9_CompatibilityTest" time="0.794" errors="0" timestamp="2022-07-12T09:18:46 IDT" skipped="0">
  <testcase classname="Test.Group9_CompatibilityTest" name="TestCase9_1" time="0.223"/>
  <system-out/>
  <testcase classname="Test.Group9_CompatibilityTest" name="TestCase9_2" time="0.157"/>
  <system-out/>
  <testcase classname="Test.Group9_CompatibilityTest" name="TestCase9_3" time="0.186"/>
  <system-out/>
  <testcase classname="Test.Group9_CompatibilityTest" name="TestCase9_4" time="0.228"/>
  <system-out/>
</testsuite> <!-- Test.Group9_CompatibilityTest -->
