<?xml version="1.0" encoding="UTF-8"?>
<!-- Generated by org.testng.reporters.JUnitReportReporter -->
<testsuite hostname="LAPTOP-NB3AD5GO" failures="0" tests="12" name="Test.Group9_CompatibilityTest" time="13.232" errors="0" timestamp="2022-07-11T16:41:18 IDT" skipped="0">
  <testcase classname="Test.Group9_CompatibilityTest" name="TestCase9_1" time="2.125"/>
  <system-out/>
  <testcase classname="Test.Group9_CompatibilityTest" name="TestCase9_1" time="0.684"/>
  <system-out/>
  <testcase classname="Test.Group9_CompatibilityTest" name="TestCase9_1" time="0.332"/>
  <system-out/>
  <testcase classname="Test.Group9_CompatibilityTest" name="TestCase9_2" time="0.620"/>
  <system-out/>
  <testcase classname="Test.Group9_CompatibilityTest" name="TestCase9_2" time="0.310"/>
  <system-out/>
  <testcase classname="Test.Group9_CompatibilityTest" name="TestCase9_2" time="2.397"/>
  <system-out/>
  <testcase classname="Test.Group9_CompatibilityTest" name="TestCase9_3" time="2.626"/>
  <system-out/>
  <testcase classname="Test.Group9_CompatibilityTest" name="TestCase9_3" time="0.252"/>
  <system-out/>
  <testcase classname="Test.Group9_CompatibilityTest" name="TestCase9_3" time="1.330"/>
  <system-out/>
  <testcase classname="Test.Group9_CompatibilityTest" name="TestCase9_4" time="1.107"/>
  <system-out/>
  <testcase classname="Test.Group9_CompatibilityTest" name="TestCase9_4" time="1.144"/>
  <system-out/>
  <testcase classname="Test.Group9_CompatibilityTest" name="TestCase9_4" time="0.305"/>
  <system-out/>
</testsuite> <!-- Test.Group9_CompatibilityTest -->
