<?xml version="1.0" encoding="UTF-8"?>
<!-- Generated by org.testng.reporters.JUnitReportReporter -->
<testsuite hostname="LAPTOP-NB3AD5GO" failures="0" tests="12" name="Test.Group10_AccessibilityTest" time="63.288" errors="0" timestamp="2022-07-10T15:41:11 IDT" skipped="0">
  <testcase classname="Test.Group10_AccessibilityTest" name="TestCase1" time="0.305"/>
  <system-out/>
  <testcase classname="Test.Group10_AccessibilityTest" name="TestCase1" time="13.475"/>
  <system-out/>
  <testcase classname="Test.Group10_AccessibilityTest" name="TestCase1" time="22.850"/>
  <system-out/>
  <testcase classname="Test.Group10_AccessibilityTest" name="TestCase2" time="0.260"/>
  <system-out/>
  <testcase classname="Test.Group10_AccessibilityTest" name="TestCase2" time="4.421"/>
  <system-out/>
  <testcase classname="Test.Group10_AccessibilityTest" name="TestCase2" time="2.965"/>
  <system-out/>
  <testcase classname="Test.Group10_AccessibilityTest" name="TestCase3" time="3.790"/>
  <system-out/>
  <testcase classname="Test.Group10_AccessibilityTest" name="TestCase3" time="6.364"/>
  <system-out/>
  <testcase classname="Test.Group10_AccessibilityTest" name="TestCase3" time="1.125"/>
  <system-out/>
  <testcase classname="Test.Group10_AccessibilityTest" name="TestCase4" time="1.954"/>
  <system-out/>
  <testcase classname="Test.Group10_AccessibilityTest" name="TestCase4" time="1.964"/>
  <system-out/>
  <testcase classname="Test.Group10_AccessibilityTest" name="TestCase4" time="3.815"/>
  <system-out/>
</testsuite> <!-- Test.Group10_AccessibilityTest -->
