<?xml version="1.0" encoding="UTF-8"?>
<!-- Generated by org.testng.reporters.JUnitReportReporter -->
<testsuite hostname="LAPTOP-NB3AD5GO" failures="0" tests="4" name="Test.Group7_InternationalityTest" time="42.910" errors="0" timestamp="2022-07-18T13:09:05 IDT" skipped="0">
  <testcase classname="Test.Group7_InternationalityTest" name="TestCase7_1" time="5.280"/>
  <system-out/>
  <testcase classname="Test.Group7_InternationalityTest" name="TestCase7_2" time="24.360"/>
  <system-out/>
  <testcase classname="Test.Group7_InternationalityTest" name="TestCase7_3" time="8.363"/>
  <system-out/>
  <testcase classname="Test.Group7_InternationalityTest" name="TestCase7_4" time="4.907"/>
  <system-out/>
</testsuite> <!-- Test.Group7_InternationalityTest -->
