<?xml version="1.0" encoding="UTF-8"?>
<!-- Generated by org.testng.reporters.JUnitReportReporter -->
<testsuite hostname="LAPTOP-NB3AD5GO" failures="0" tests="4" name="Test.Group7_InternationalityTest" time="0.712" errors="0" timestamp="2022-07-12T09:18:46 IDT" skipped="0">
  <testcase classname="Test.Group7_InternationalityTest" name="TestCase7_1" time="0.195"/>
  <system-out/>
  <testcase classname="Test.Group7_InternationalityTest" name="TestCase7_2" time="0.153"/>
  <system-out/>
  <testcase classname="Test.Group7_InternationalityTest" name="TestCase7_3" time="0.170"/>
  <system-out/>
  <testcase classname="Test.Group7_InternationalityTest" name="TestCase7_4" time="0.194"/>
  <system-out/>
</testsuite> <!-- Test.Group7_InternationalityTest -->
