<?xml version="1.0" encoding="UTF-8"?>
<!-- Generated by org.testng.reporters.JUnitReportReporter -->
<testsuite hostname="LAPTOP-NB3AD5GO" failures="0" tests="12" name="Test.Group7_InternationalityTest" time="69.997" errors="0" timestamp="2022-07-10T15:41:11 IDT" skipped="0">
  <testcase classname="Test.Group7_InternationalityTest" name="TestCase1" time="22.753"/>
  <system-out/>
  <testcase classname="Test.Group7_InternationalityTest" name="TestCase1" time="0.258"/>
  <system-out/>
  <testcase classname="Test.Group7_InternationalityTest" name="TestCase1" time="14.550"/>
  <system-out/>
  <testcase classname="Test.Group7_InternationalityTest" name="TestCase2" time="5.637"/>
  <system-out/>
  <testcase classname="Test.Group7_InternationalityTest" name="TestCase2" time="0.230"/>
  <system-out/>
  <testcase classname="Test.Group7_InternationalityTest" name="TestCase2" time="8.450"/>
  <system-out/>
  <testcase classname="Test.Group7_InternationalityTest" name="TestCase3" time="3.815"/>
  <system-out/>
  <testcase classname="Test.Group7_InternationalityTest" name="TestCase3" time="3.640"/>
  <system-out/>
  <testcase classname="Test.Group7_InternationalityTest" name="TestCase3" time="0.261"/>
  <system-out/>
  <testcase classname="Test.Group7_InternationalityTest" name="TestCase4" time="4.663"/>
  <system-out/>
  <testcase classname="Test.Group7_InternationalityTest" name="TestCase4" time="3.776"/>
  <system-out/>
  <testcase classname="Test.Group7_InternationalityTest" name="TestCase4" time="1.964"/>
  <system-out/>
</testsuite> <!-- Test.Group7_InternationalityTest -->
