<?xml version="1.0" encoding="UTF-8"?>
<!-- Generated by org.testng.reporters.JUnitReportReporter -->
<testsuite hostname="LAPTOP-NB3AD5GO" failures="0" tests="4" name="Test.Group2_GUITest" time="0.969" errors="0" timestamp="2022-07-12T09:18:46 IDT" skipped="0">
  <testcase classname="Test.Group2_GUITest" name="TestCase2_1_1" time="0.215"/>
  <system-out/>
  <testcase classname="Test.Group2_GUITest" name="TestCase2_1_2_1_1" time="0.200"/>
  <system-out/>
  <testcase classname="Test.Group2_GUITest" name="TestCase2_1_2_1_2" time="0.229"/>
  <system-out/>
  <testcase classname="Test.Group2_GUITest" name="TestCase2_1_2_1_3" time="0.325"/>
  <system-out/>
</testsuite> <!-- Test.Group2_GUITest -->
