<?xml version="1.0" encoding="UTF-8"?>
<!-- Generated by org.testng.reporters.JUnitReportReporter -->
<testsuite hostname="LAPTOP-NB3AD5GO" failures="0" tests="4" name="Test.Group8_SecuringTest" time="0.813" errors="0" timestamp="2022-07-12T09:18:46 IDT" skipped="0">
  <testcase classname="Test.Group8_SecuringTest" name="TestCase8_1" time="0.216"/>
  <system-out/>
  <testcase classname="Test.Group8_SecuringTest" name="TestCase8_2" time="0.170"/>
  <system-out/>
  <testcase classname="Test.Group8_SecuringTest" name="TestCase8_3" time="0.202"/>
  <system-out/>
  <testcase classname="Test.Group8_SecuringTest" name="TestCase8_4" time="0.225"/>
  <system-out/>
</testsuite> <!-- Test.Group8_SecuringTest -->
