<?xml version="1.0" encoding="UTF-8"?>
<!-- Generated by org.testng.reporters.JUnitReportReporter -->
<testsuite hostname="LAPTOP-NB3AD5GO" failures="0" tests="12" name="Test.Group2_GUITest" time="40.772" errors="1" timestamp="2022-07-11T16:41:18 IDT" skipped="0">
  <testcase classname="Test.Group2_GUITest" name="TestCase2_1_1" time="5.946"/>
  <system-out/>
  <testcase classname="Test.Group2_GUITest" name="TestCase2_1_1" time="0.963"/>
  <system-out/>
  <testcase classname="Test.Group2_GUITest" name="TestCase2_1_1" time="1.884"/>
  <system-out/>
  <testcase classname="Test.Group2_GUITest" name="TestCase2_1_2_1_1" time="2.016"/>
  <system-out/>
  <testcase classname="Test.Group2_GUITest" name="TestCase2_1_2_1_1" time="14.708">
    <error message="ScreenCapture path cannot be null or empty" type="java.lang.IllegalArgumentException">
      <![CDATA[java.lang.IllegalArgumentException: ScreenCapture path cannot be null or empty
at com.aventstack.extentreports.MediaEntityBuilder.createScreenCaptureFromPath(MediaEntityBuilder.java:34)
at com.aventstack.extentreports.MediaEntityBuilder.createScreenCaptureFromPath(MediaEntityBuilder.java:40)
at Test.ResultsFileBuilder.SendTestResult(ResultsFileBuilder.java:85)
at Test.Group2_GUITest.TestCase2_1_2_1_1(Group2_GUITest.java:64)
at java.base/jdk.internal.reflect.NativeMethodAccessorImpl.invoke0(Native Method)
at java.base/jdk.internal.reflect.NativeMethodAccessorImpl.invoke(NativeMethodAccessorImpl.java:77)
at java.base/jdk.internal.reflect.DelegatingMethodAccessorImpl.invoke(DelegatingMethodAccessorImpl.java:43)
at java.base/java.lang.reflect.Method.invoke(Method.java:568)
at org.testng.internal.MethodInvocationHelper.invokeMethod(MethodInvocationHelper.java:133)
at org.testng.internal.TestInvoker.invokeMethod(TestInvoker.java:598)
at org.testng.internal.TestInvoker.invokeTestMethod(TestInvoker.java:173)
at org.testng.internal.MethodRunner.runInSequence(MethodRunner.java:46)
at org.testng.internal.TestInvoker$MethodInvocationAgent.invoke(TestInvoker.java:824)
at org.testng.internal.TestInvoker.invokeTestMethods(TestInvoker.java:146)
at org.testng.internal.TestMethodWorker.invokeTestMethods(TestMethodWorker.java:146)
at org.testng.internal.TestMethodWorker.run(TestMethodWorker.java:128)
at java.base/java.util.ArrayList.forEach(ArrayList.java:1511)
at org.testng.TestRunner.privateRun(TestRunner.java:794)
at org.testng.TestRunner.run(TestRunner.java:596)
at org.testng.SuiteRunner.runTest(SuiteRunner.java:377)
at org.testng.SuiteRunner.access$000(SuiteRunner.java:28)
at org.testng.SuiteRunner$SuiteWorker.run(SuiteRunner.java:418)
at org.testng.internal.thread.ThreadUtil.lambda$execute$0(ThreadUtil.java:64)
at java.base/java.util.concurrent.FutureTask.run(FutureTask.java:264)
at java.base/java.util.concurrent.ThreadPoolExecutor.runWorker(ThreadPoolExecutor.java:1136)
at java.base/java.util.concurrent.ThreadPoolExecutor$Worker.run(ThreadPoolExecutor.java:635)
at java.base/java.lang.Thread.run(Thread.java:833)
]]>
    </error>
  </testcase> <!-- TestCase2_1_2_1_1 -->
  <system-out/>
  <testcase classname="Test.Group2_GUITest" name="TestCase2_1_2_1_1" time="0.282"/>
  <system-out/>
  <testcase classname="Test.Group2_GUITest" name="TestCase2_1_2_1_2" time="10.368"/>
  <system-out/>
  <testcase classname="Test.Group2_GUITest" name="TestCase2_1_2_1_2" time="0.265"/>
  <system-out/>
  <testcase classname="Test.Group2_GUITest" name="TestCase2_1_2_1_2" time="1.213"/>
  <system-out/>
  <testcase classname="Test.Group2_GUITest" name="TestCase2_1_2_1_3" time="1.148"/>
  <system-out/>
  <testcase classname="Test.Group2_GUITest" name="TestCase2_1_2_1_3" time="0.254"/>
  <system-out/>
  <testcase classname="Test.Group2_GUITest" name="TestCase2_1_2_1_3" time="1.725"/>
  <system-out/>
</testsuite> <!-- Test.Group2_GUITest -->
