<?xml version="1.0" encoding="UTF-8"?>
<!-- Generated by org.testng.reporters.JUnitReportReporter -->
<testsuite hostname="LAPTOP-NB3AD5GO" failures="0" tests="1" name="Test.Elements" time="0.004" errors="0" timestamp="2022-07-09T18:01:10 IDT" skipped="0">
  <testcase classname="Test.Elements" name="f" time="0.004"/>
  <system-out/>
</testsuite> <!-- Test.Elements -->
