<?xml version="1.0" encoding="UTF-8"?>
<!-- Generated by org.testng.reporters.JUnitReportReporter -->
<testsuite hostname="LAPTOP-NB3AD5GO" failures="0" tests="12" name="Test.Group5_ConnectivityTest" time="19.080" errors="0" timestamp="2022-07-11T16:41:18 IDT" skipped="0">
  <testcase classname="Test.Group5_ConnectivityTest" name="TestCase5_1_1" time="2.337"/>
  <system-out/>
  <testcase classname="Test.Group5_ConnectivityTest" name="TestCase5_1_1" time="4.337"/>
  <system-out/>
  <testcase classname="Test.Group5_ConnectivityTest" name="TestCase5_1_1" time="0.250"/>
  <system-out/>
  <testcase classname="Test.Group5_ConnectivityTest" name="TestCase5_1_2" time="0.259"/>
  <system-out/>
  <testcase classname="Test.Group5_ConnectivityTest" name="TestCase5_1_2" time="0.882"/>
  <system-out/>
  <testcase classname="Test.Group5_ConnectivityTest" name="TestCase5_1_2" time="0.698"/>
  <system-out/>
  <testcase classname="Test.Group5_ConnectivityTest" name="TestCase5_3" time="1.183"/>
  <system-out/>
  <testcase classname="Test.Group5_ConnectivityTest" name="TestCase5_3" time="0.241"/>
  <system-out/>
  <testcase classname="Test.Group5_ConnectivityTest" name="TestCase5_3" time="6.502"/>
  <system-out/>
  <testcase classname="Test.Group5_ConnectivityTest" name="TestCase5_4" time="0.299"/>
  <system-out/>
  <testcase classname="Test.Group5_ConnectivityTest" name="TestCase5_4" time="0.951"/>
  <system-out/>
  <testcase classname="Test.Group5_ConnectivityTest" name="TestCase5_4" time="1.141"/>
  <system-out/>
</testsuite> <!-- Test.Group5_ConnectivityTest -->
