<?xml version="1.0" encoding="UTF-8"?>
<!-- Generated by org.testng.reporters.JUnitReportReporter -->
<testsuite hostname="LAPTOP-NB3AD5GO" failures="0" tests="4" name="Test.Group5_ConnectivityTest" time="0.855" errors="0" timestamp="2022-07-12T09:18:46 IDT" skipped="0">
  <testcase classname="Test.Group5_ConnectivityTest" name="TestCase5_1_1" time="0.245"/>
  <system-out/>
  <testcase classname="Test.Group5_ConnectivityTest" name="TestCase5_1_2" time="0.208"/>
  <system-out/>
  <testcase classname="Test.Group5_ConnectivityTest" name="TestCase5_3" time="0.191"/>
  <system-out/>
  <testcase classname="Test.Group5_ConnectivityTest" name="TestCase5_4" time="0.211"/>
  <system-out/>
</testsuite> <!-- Test.Group5_ConnectivityTest -->
