<?xml version="1.0" encoding="UTF-8"?>
<!-- Generated by org.testng.reporters.JUnitReportReporter -->
<testsuite hostname="LAPTOP-NB3AD5GO" failures="0" tests="12" name="Test.Group11_InterfacesTest" time="7.641" errors="0" timestamp="2022-07-10T14:38:58 IDT" skipped="0">
  <testcase classname="Test.Group11_InterfacesTest" name="TestCase1" time="0.872"/>
  <system-out/>
  <testcase classname="Test.Group11_InterfacesTest" name="TestCase1" time="0.352"/>
  <system-out/>
  <testcase classname="Test.Group11_InterfacesTest" name="TestCase1" time="0.665"/>
  <system-out/>
  <testcase classname="Test.Group11_InterfacesTest" name="TestCase2" time="0.625"/>
  <system-out/>
  <testcase classname="Test.Group11_InterfacesTest" name="TestCase2" time="0.386"/>
  <system-out/>
  <testcase classname="Test.Group11_InterfacesTest" name="TestCase2" time="0.696"/>
  <system-out/>
  <testcase classname="Test.Group11_InterfacesTest" name="TestCase3" time="0.820"/>
  <system-out/>
  <testcase classname="Test.Group11_InterfacesTest" name="TestCase3" time="0.616"/>
  <system-out/>
  <testcase classname="Test.Group11_InterfacesTest" name="TestCase3" time="0.705"/>
  <system-out/>
  <testcase classname="Test.Group11_InterfacesTest" name="TestCase4" time="0.813"/>
  <system-out/>
  <testcase classname="Test.Group11_InterfacesTest" name="TestCase4" time="0.651"/>
  <system-out/>
  <testcase classname="Test.Group11_InterfacesTest" name="TestCase4" time="0.440"/>
  <system-out/>
</testsuite> <!-- Test.Group11_InterfacesTest -->
