<?xml version="1.0" encoding="UTF-8"?>
<!-- Generated by org.testng.reporters.JUnitReportReporter -->
<testsuite hostname="LAPTOP-NB3AD5GO" failures="0" tests="12" name="Test.Group1_SanityTest" time="14.727" errors="0" timestamp="2022-07-11T16:41:18 IDT" skipped="0">
  <testcase classname="Test.Group1_SanityTest" name="TestCase1_1_1" time="1.029"/>
  <system-out/>
  <testcase classname="Test.Group1_SanityTest" name="TestCase1_1_1" time="2.980"/>
  <system-out/>
  <testcase classname="Test.Group1_SanityTest" name="TestCase1_1_1" time="0.296"/>
  <system-out/>
  <testcase classname="Test.Group1_SanityTest" name="TestCase1_2_1" time="2.745"/>
  <system-out/>
  <testcase classname="Test.Group1_SanityTest" name="TestCase1_2_1" time="0.232"/>
  <system-out/>
  <testcase classname="Test.Group1_SanityTest" name="TestCase1_2_1" time="2.540"/>
  <system-out/>
  <testcase classname="Test.Group1_SanityTest" name="TestCase1_2_2" time="0.289"/>
  <system-out/>
  <testcase classname="Test.Group1_SanityTest" name="TestCase1_2_2" time="1.049"/>
  <system-out/>
  <testcase classname="Test.Group1_SanityTest" name="TestCase1_2_2" time="1.110"/>
  <system-out/>
  <testcase classname="Test.Group1_SanityTest" name="TestCase1_2_3" time="0.305"/>
  <system-out/>
  <testcase classname="Test.Group1_SanityTest" name="TestCase1_2_3" time="1.128"/>
  <system-out/>
  <testcase classname="Test.Group1_SanityTest" name="TestCase1_2_3" time="1.024"/>
  <system-out/>
</testsuite> <!-- Test.Group1_SanityTest -->
