<?xml version="1.0" encoding="UTF-8"?>
<!-- Generated by org.testng.reporters.JUnitReportReporter -->
<testsuite hostname="LAPTOP-NB3AD5GO" failures="0" tests="4" name="Test.Group5_ConnectivityTest" time="29.244" errors="0" timestamp="2022-07-17T15:44:40 IDT" skipped="0">
  <testcase classname="Test.Group5_ConnectivityTest" name="TestCase5_1_1" time="8.789"/>
  <system-out/>
  <testcase classname="Test.Group5_ConnectivityTest" name="TestCase5_1_2" time="14.428"/>
  <system-out/>
  <testcase classname="Test.Group5_ConnectivityTest" name="TestCase5_3" time="2.224"/>
  <system-out/>
  <testcase classname="Test.Group5_ConnectivityTest" name="TestCase5_4" time="3.803"/>
  <system-out/>
</testsuite> <!-- Test.Group5_ConnectivityTest -->
