<?xml version="1.0" encoding="UTF-8"?>
<!-- Generated by org.testng.reporters.JUnitReportReporter -->
<testsuite hostname="LAPTOP-NB3AD5GO" failures="0" tests="4" name="Test.Group9_CompatibilityTest" time="48.681" errors="0" timestamp="2022-07-18T16:52:53 IDT" skipped="0">
  <testcase classname="Test.Group9_CompatibilityTest" name="TestCase9_1" time="4.251"/>
  <system-out/>
  <testcase classname="Test.Group9_CompatibilityTest" name="TestCase9_2" time="4.239"/>
  <system-out/>
  <testcase classname="Test.Group9_CompatibilityTest" name="TestCase9_3" time="4.482"/>
  <system-out/>
  <testcase classname="Test.Group9_CompatibilityTest" name="TestCase9_4" time="35.709"/>
  <system-out/>
</testsuite> <!-- Test.Group9_CompatibilityTest -->
