<?xml version="1.0" encoding="UTF-8"?>
<!-- Generated by org.testng.reporters.JUnitReportReporter -->
<testsuite hostname="LAPTOP-NB3AD5GO" failures="0" tests="12" name="Test.Group4_ProcessesTest" time="43.844" errors="0" timestamp="2022-07-10T15:41:11 IDT" skipped="0">
  <testcase classname="Test.Group4_ProcessesTest" name="TestCase1" time="0.670"/>
  <system-out/>
  <testcase classname="Test.Group4_ProcessesTest" name="TestCase1" time="0.263"/>
  <system-out/>
  <testcase classname="Test.Group4_ProcessesTest" name="TestCase1" time="0.533"/>
  <system-out/>
  <testcase classname="Test.Group4_ProcessesTest" name="TestCase2" time="4.395"/>
  <system-out/>
  <testcase classname="Test.Group4_ProcessesTest" name="TestCase2" time="0.228"/>
  <system-out/>
  <testcase classname="Test.Group4_ProcessesTest" name="TestCase2" time="4.507"/>
  <system-out/>
  <testcase classname="Test.Group4_ProcessesTest" name="TestCase3" time="4.223"/>
  <system-out/>
  <testcase classname="Test.Group4_ProcessesTest" name="TestCase3" time="0.260"/>
  <system-out/>
  <testcase classname="Test.Group4_ProcessesTest" name="TestCase3" time="7.184"/>
  <system-out/>
  <testcase classname="Test.Group4_ProcessesTest" name="TestCase4" time="1.960"/>
  <system-out/>
  <testcase classname="Test.Group4_ProcessesTest" name="TestCase4" time="1.916"/>
  <system-out/>
  <testcase classname="Test.Group4_ProcessesTest" name="TestCase4" time="17.705"/>
  <system-out/>
</testsuite> <!-- Test.Group4_ProcessesTest -->
