<?xml version="1.0" encoding="UTF-8"?>
<!-- Generated by org.testng.reporters.JUnitReportReporter -->
<testsuite hostname="LAPTOP-NB3AD5GO" failures="0" tests="12" name="Test.Group11_InterfacesTest" time="68.464" errors="0" timestamp="2022-07-10T15:41:11 IDT" skipped="0">
  <testcase classname="Test.Group11_InterfacesTest" name="TestCase1" time="23.034"/>
  <system-out/>
  <testcase classname="Test.Group11_InterfacesTest" name="TestCase1" time="16.849"/>
  <system-out/>
  <testcase classname="Test.Group11_InterfacesTest" name="TestCase1" time="0.300"/>
  <system-out/>
  <testcase classname="Test.Group11_InterfacesTest" name="TestCase2" time="0.307"/>
  <system-out/>
  <testcase classname="Test.Group11_InterfacesTest" name="TestCase2" time="4.398"/>
  <system-out/>
  <testcase classname="Test.Group11_InterfacesTest" name="TestCase2" time="4.376"/>
  <system-out/>
  <testcase classname="Test.Group11_InterfacesTest" name="TestCase3" time="4.006"/>
  <system-out/>
  <testcase classname="Test.Group11_InterfacesTest" name="TestCase3" time="0.510"/>
  <system-out/>
  <testcase classname="Test.Group11_InterfacesTest" name="TestCase3" time="6.829"/>
  <system-out/>
  <testcase classname="Test.Group11_InterfacesTest" name="TestCase4" time="1.998"/>
  <system-out/>
  <testcase classname="Test.Group11_InterfacesTest" name="TestCase4" time="2.006"/>
  <system-out/>
  <testcase classname="Test.Group11_InterfacesTest" name="TestCase4" time="3.851"/>
  <system-out/>
</testsuite> <!-- Test.Group11_InterfacesTest -->
