<?xml version="1.0" encoding="UTF-8"?>
<!-- Generated by org.testng.reporters.JUnitReportReporter -->
<testsuite hostname="LAPTOP-NB3AD5GO" failures="0" tests="6" name="Test.runningTests" time="0.042" errors="0" timestamp="2022-06-12T15:24:14 IDT" skipped="0">
  <testcase classname="Test.runningTests" name="TestCase1" time="0.001"/>
  <system-out/>
  <testcase classname="Test.runningTests" name="TestCase1" time="0.030"/>
  <system-out/>
  <testcase classname="Test.runningTests" name="TestCase2" time="0.006"/>
  <system-out/>
  <testcase classname="Test.runningTests" name="TestCase2" time="0.002"/>
  <system-out/>
  <testcase classname="Test.runningTests" name="TestCase3" time="0.002"/>
  <system-out/>
  <testcase classname="Test.runningTests" name="TestCase3" time="0.001"/>
  <system-out/>
</testsuite> <!-- Test.runningTests -->
