<?xml version="1.0" encoding="UTF-8"?>
<!-- Generated by org.testng.reporters.JUnitReportReporter -->
<testsuite hostname="LAPTOP-NB3AD5GO" failures="0" tests="12" name="Test.Group9_CompatibilityTest" time="72.159" errors="0" timestamp="2022-07-10T15:41:11 IDT" skipped="0">
  <testcase classname="Test.Group9_CompatibilityTest" name="TestCase1" time="27.679"/>
  <system-out/>
  <testcase classname="Test.Group9_CompatibilityTest" name="TestCase1" time="1.792"/>
  <system-out/>
  <testcase classname="Test.Group9_CompatibilityTest" name="TestCase1" time="16.829"/>
  <system-out/>
  <testcase classname="Test.Group9_CompatibilityTest" name="TestCase2" time="0.248"/>
  <system-out/>
  <testcase classname="Test.Group9_CompatibilityTest" name="TestCase2" time="4.332"/>
  <system-out/>
  <testcase classname="Test.Group9_CompatibilityTest" name="TestCase2" time="2.916"/>
  <system-out/>
  <testcase classname="Test.Group9_CompatibilityTest" name="TestCase3" time="0.517"/>
  <system-out/>
  <testcase classname="Test.Group9_CompatibilityTest" name="TestCase3" time="3.760"/>
  <system-out/>
  <testcase classname="Test.Group9_CompatibilityTest" name="TestCase3" time="3.748"/>
  <system-out/>
  <testcase classname="Test.Group9_CompatibilityTest" name="TestCase4" time="6.303"/>
  <system-out/>
  <testcase classname="Test.Group9_CompatibilityTest" name="TestCase4" time="1.974"/>
  <system-out/>
  <testcase classname="Test.Group9_CompatibilityTest" name="TestCase4" time="2.061"/>
  <system-out/>
</testsuite> <!-- Test.Group9_CompatibilityTest -->
