<?xml version="1.0" encoding="UTF-8"?>
<!-- Generated by org.testng.reporters.JUnitReportReporter -->
<testsuite hostname="LAPTOP-NB3AD5GO" failures="0" tests="12" name="Test.Group11_InterfacesTest" time="16.955" errors="0" timestamp="2022-07-11T16:41:18 IDT" skipped="0">
  <testcase classname="Test.Group11_InterfacesTest" name="TestCase11_1" time="0.571"/>
  <system-out/>
  <testcase classname="Test.Group11_InterfacesTest" name="TestCase11_1" time="1.426"/>
  <system-out/>
  <testcase classname="Test.Group11_InterfacesTest" name="TestCase11_1" time="0.535"/>
  <system-out/>
  <testcase classname="Test.Group11_InterfacesTest" name="TestCase11_2" time="0.543"/>
  <system-out/>
  <testcase classname="Test.Group11_InterfacesTest" name="TestCase11_2" time="0.246"/>
  <system-out/>
  <testcase classname="Test.Group11_InterfacesTest" name="TestCase11_2" time="6.416"/>
  <system-out/>
  <testcase classname="Test.Group11_InterfacesTest" name="TestCase11_3" time="0.279"/>
  <system-out/>
  <testcase classname="Test.Group11_InterfacesTest" name="TestCase11_3" time="2.201"/>
  <system-out/>
  <testcase classname="Test.Group11_InterfacesTest" name="TestCase11_3" time="0.970"/>
  <system-out/>
  <testcase classname="Test.Group11_InterfacesTest" name="TestCase11_4" time="1.221"/>
  <system-out/>
  <testcase classname="Test.Group11_InterfacesTest" name="TestCase11_4" time="2.232"/>
  <system-out/>
  <testcase classname="Test.Group11_InterfacesTest" name="TestCase11_4" time="0.315"/>
  <system-out/>
</testsuite> <!-- Test.Group11_InterfacesTest -->
